0 info it worked if it ends with ok
1 verbose cli [ '/usr/local/bin/node',
1 verbose cli   '/usr/local/bin/npm',
1 verbose cli   'install',
1 verbose cli   'https',
1 verbose cli   '--save' ]
2 info using npm@1.3.17
3 info using node@v0.10.23
4 verbose readDependencies using package.json deps
5 verbose cache add [ 'https', null ]
6 verbose cache add name=undefined spec="https" args=["https",null]
7 verbose parsed url { protocol: null,
7 verbose parsed url   slashes: null,
7 verbose parsed url   auth: null,
7 verbose parsed url   host: null,
7 verbose parsed url   port: null,
7 verbose parsed url   hostname: null,
7 verbose parsed url   hash: null,
7 verbose parsed url   search: null,
7 verbose parsed url   query: null,
7 verbose parsed url   pathname: 'https',
7 verbose parsed url   path: 'https',
7 verbose parsed url   href: 'https' }
8 silly lockFile c3437dbc-https https
9 verbose lock https /Users/edwin/.npm/c3437dbc-https.lock
10 silly lockFile c3437dbc-https https
11 silly lockFile c3437dbc-https https
12 verbose addNamed [ 'https', '' ]
13 verbose addNamed [ null, '*' ]
14 silly lockFile 421d451a-https https@
15 verbose lock https@ /Users/edwin/.npm/421d451a-https.lock
16 silly addNameRange { name: 'https', range: '*', hasData: false }
17 verbose url raw https
18 verbose url resolving [ 'https://registry.npmjs.org/', './https' ]
19 verbose url resolved https://registry.npmjs.org/https
20 info trying registry request attempt 1 at 23:49:11
21 http GET https://registry.npmjs.org/https
22 http 404 https://registry.npmjs.org/https
23 silly registry.get cb [ 404,
23 silly registry.get   { server: 'CouchDB/1.5.0 (Erlang OTP/R15B03)',
23 silly registry.get     date: 'Wed, 18 Dec 2013 04:49:09 GMT',
23 silly registry.get     'content-type': 'application/json',
23 silly registry.get     'content-length': '52',
23 silly registry.get     'cache-control': 'must-revalidate' } ]
24 silly lockFile 421d451a-https https@
25 silly lockFile 421d451a-https https@
26 error 404 'https' is not in the npm registry.
26 error 404 You should bug the author to publish it
26 error 404
26 error 404 Note that you can also install from a
26 error 404 tarball, folder, or http url, or git url.
27 error System Darwin 11.4.2
28 error command "/usr/local/bin/node" "/usr/local/bin/npm" "install" "https" "--save"
29 error cwd /Users/edwin/Documents/mean_libraries/librariesApp
30 error node -v v0.10.23
31 error npm -v 1.3.17
32 error code E404
33 verbose exit [ 1, true ]
